2026-07-21 13:51:40.190 +03:00 [INF] Application started. Press Ctrl+C to shut down.
2026-07-21 13:51:40.429 +03:00 [INF] Hosting environment: Production
2026-07-21 13:51:40.433 +03:00 [INF] Content root path: C:\ocandemir\Repos\spatialNext\GeoStudio\src\GeoViewer.UI\bin\Debug\net9.0-windows
2026-07-21 13:51:44.036 +03:00 [INF] Camera TopDownOrthographic. Position 0,0,200, look 0,0,-1, up 0,1,0, near 0.1, far 1000
2026-07-21 13:52:05.646 +03:00 [INF] Scene local origin initialized at 390403.56485971087,4283938.833355478,0
2026-07-21 13:52:06.065 +03:00 [INF] Raster layer loaded. Path C:\Users\ocandemir\Downloads\Nevsehir_Ortofoto_TM36_TUREF\sample.tif, tiles 12, failed 0, bounds SceneBounds { MinX = 389731.13085971086, MinY = 4283487.118355478, MinZ = 0, MaxX = 391075.9988597108, MaxY = 4284390.548355478, MaxZ = 0, Width = 1344.8679999999586, Depth = 903.429999999702, Height = 0, CenterX = 390403.56485971087, CenterY = 4283938.833355478, CenterZ = 0, Radius = 810.0703213800871 }, local bounds SceneBounds { MinX = -672.4340000000084, MinY = -451.714999999851, MinZ = 0, MaxX = 672.4339999999502, MaxY = 451.714999999851, MaxZ = 0, Width = 1344.8679999999586, Depth = 903.429999999702, Height = 0, CenterX = -2.9103830456733704E-11, CenterY = 0, CenterZ = 0, Radius = 810.0703213800871 }
2026-07-21 13:52:06.105 +03:00 [INF] Camera TopDownOrthographic. Position -2.9103830456733704E-11,0,1620.1406427601742, look 0,0,-1, up 0,1,0, near 0.1, far 6480.562571040697
2026-07-21 13:52:06.106 +03:00 [INF] Scene layer added. Id "2215741f-290f-48a6-b2aa-9b0127b8dade", name sample.tif, type "Raster", world bounds SceneBounds { MinX = 389731.13085971086, MinY = 4283487.118355478, MinZ = 0, MaxX = 391075.9988597108, MaxY = 4284390.548355478, MaxZ = 0, Width = 1344.8679999999586, Depth = 903.429999999702, Height = 0, CenterX = 390403.56485971087, CenterY = 4283938.833355478, CenterZ = 0, Radius = 810.0703213800871 }, local bounds SceneBounds { MinX = -672.4340000000084, MinY = -451.714999999851, MinZ = 0, MaxX = 672.4339999999502, MaxY = 451.714999999851, MaxZ = 0, Width = 1344.8679999999586, Depth = 903.429999999702, Height = 0, CenterX = -2.9103830456733704E-11, CenterY = 0, CenterZ = 0, Radius = 810.0703213800871 }, origin 390403.56485971087,4283938.833355478,0
2026-07-21 14:07:50.865 +03:00 [INF] Application started. Press Ctrl+C to shut down.
2026-07-21 14:07:50.936 +03:00 [INF] Hosting environment: Production
2026-07-21 14:07:50.939 +03:00 [INF] Content root path: C:\ocandemir\Repos\spatialNext\GeoStudio\src\GeoViewer.UI\bin\Debug\net9.0-windows
2026-07-21 14:07:52.911 +03:00 [INF] Camera TopDownOrthographic. Position 0,0,200, look 0,0,-1, up 0,1,0, near 0.1, far 1000
2026-07-21 14:08:06.124 +03:00 [INF] Scene local origin initialized at 390403.56485971087,4283938.833355478,0
2026-07-21 14:08:06.375 +03:00 [INF] Raster layer loaded. Path C:\Users\ocandemir\Downloads\Nevsehir_Ortofoto_TM36_TUREF\sample.tif, tiles 12, failed 0, bounds SceneBounds { MinX = 389731.13085971086, MinY = 4283487.118355478, MinZ = 0, MaxX = 391075.9988597108, MaxY = 4284390.548355478, MaxZ = 0, Width = 1344.8679999999586, Depth = 903.429999999702, Height = 0, CenterX = 390403.56485971087, CenterY = 4283938.833355478, CenterZ = 0, Radius = 810.0703213800871 }, local bounds SceneBounds { MinX = -672.4340000000084, MinY = -451.714999999851, MinZ = 0, MaxX = 672.4339999999502, MaxY = 451.714999999851, MaxZ = 0, Width = 1344.8679999999586, Depth = 903.429999999702, Height = 0, CenterX = -2.9103830456733704E-11, CenterY = 0, CenterZ = 0, Radius = 810.0703213800871 }
2026-07-21 14:08:06.408 +03:00 [INF] Camera TopDownOrthographic. Position -2.9103830456733704E-11,0,1620.1406427601742, look 0,0,-1, up 0,1,0, near 0.1, far 6480.562571040697
2026-07-21 14:08:06.408 +03:00 [INF] Scene layer added. Id "72ad1af8-968c-4515-83c0-f0bf5db2e6ee", name sample.tif, type "Raster", world bounds SceneBounds { MinX = 389731.13085971086, MinY = 4283487.118355478, MinZ = 0, MaxX = 391075.9988597108, MaxY = 4284390.548355478, MaxZ = 0, Width = 1344.8679999999586, Depth = 903.429999999702, Height = 0, CenterX = 390403.56485971087, CenterY = 4283938.833355478, CenterZ = 0, Radius = 810.0703213800871 }, local bounds SceneBounds { MinX = -672.4340000000084, MinY = -451.714999999851, MinZ = 0, MaxX = 672.4339999999502, MaxY = 451.714999999851, MaxZ = 0, Width = 1344.8679999999586, Depth = 903.429999999702, Height = 0, CenterX = -2.9103830456733704E-11, CenterY = 0, CenterZ = 0, Radius = 810.0703213800871 }, origin 390403.56485971087,4283938.833355478,0
2026-07-21 14:08:20.339 +03:00 [INF] Camera TopDownOrthographic. Position -2.9103830456733704E-11,0,1620.1406427601742, look 0,0,-1, up 0,1,0, near 0.1, far 6480.562571040697
2026-07-21 14:08:21.620 +03:00 [INF] Camera TopDownOrthographic. Position -2.9103830456733704E-11,0,1620.1406427601742, look 0,0,-1, up 0,1,0, near 0.1, far 6480.562571040697
2026-07-21 14:08:22.147 +03:00 [INF] Camera TopDownOrthographic. Position 0,0,200, look 0,0,-1, up 0,1,0, near 0.1, far 1000
2026-07-21 14:08:22.148 +03:00 [INF] Added default test cube. Vertices 8, triangles 12, bounds SceneBounds { MinX = -25, MinY = -25, MinZ = -25, MaxX = 25, MaxY = 25, MaxZ = 25, Width = 50, Depth = 50, Height = 50, CenterX = 0, CenterY = 0, CenterZ = 0, Radius = 43.30127018922193 }
2026-07-21 14:08:23.220 +03:00 [INF] Camera TopDownOrthographic. Position 0,0,200, look 0,0,-1, up 0,1,0, near 0.1, far 1000
2026-07-21 14:08:23.220 +03:00 [INF] Added default test cube. Vertices 8, triangles 12, bounds SceneBounds { MinX = -25, MinY = -25, MinZ = -25, MaxX = 25, MaxY = 25, MaxZ = 25, Width = 50, Depth = 50, Height = 50, CenterX = 0, CenterY = 0, CenterZ = 0, Radius = 43.30127018922193 }
